<?xml version="1.0" encoding="UTF-8"?>
<testng-results skipped="0" failed="0" ignored="0" total="1" passed="1">
  <reporter-output>
  </reporter-output>
  <suite name="Default suite" duration-ms="2454" started-at="2018-02-24T20:30:55Z" finished-at="2018-02-24T20:30:57Z">
    <groups>
    </groups>
    <test name="Default test" duration-ms="2454" started-at="2018-02-24T20:30:55Z" finished-at="2018-02-24T20:30:57Z">
      <class name="postRequest.GetData">
        <test-method status="PASS" signature="testResponseCode()[pri:0, instance:postRequest.GetData@643b1d11]" name="testResponseCode" duration-ms="2439" started-at="2018-02-24T15:30:55Z" finished-at="2018-02-24T15:30:57Z">
          <reporter-output>
          </reporter-output>
        </test-method> <!-- testResponseCode -->
      </class> <!-- postRequest.GetData -->
    </test> <!-- Default test -->
  </suite> <!-- Default suite -->
</testng-results>
